<?xml version="1.0" encoding="UTF-8"?>
<!-- Generated by org.testng.reporters.JUnitReportReporter -->
<testsuite hostname="LAPTOP-9MGQ1891" failures="0" tests="1" name="com.TESTNG.practice.baseclass" time="0.001" errors="0" timestamp="2022-06-04T12:42:28 IST" skipped="0">
  <testcase classname="com.TESTNG.practice.baseclass" name="commonutil" time="0.001"/>
  <system-out/>
</testsuite> <!-- com.TESTNG.practice.baseclass -->
