<?xml version="1.0" encoding="UTF-8"?>
<!-- Generated by org.testng.reporters.JUnitReportReporter -->
<testsuite hostname="LAPTOP-9MGQ1891" failures="0" tests="1" name="com.TESTNG.practice.testdata" time="0.001" errors="0" timestamp="2022-05-13T16:03:50 IST" skipped="0">
  <testcase classname="com.TESTNG.practice.testdata" name="testdata" time="0.001"/>
  <system-out/>
</testsuite> <!-- com.TESTNG.practice.testdata -->
