<?xml version="1.0" encoding="UTF-8"?>
<!-- Generated by org.testng.reporters.JUnitReportReporter -->
<testsuite hostname="LAPTOP-9MGQ1891" failures="0" tests="1" name="selenium.ReportS" time="7.149" errors="0" timestamp="2022-07-12T12:12:19 IST" skipped="0">
  <testcase classname="selenium.ReportS" name="generateReport" time="7.149"/>
  <system-out/>
</testsuite> <!-- selenium.ReportS -->
