<?xml version="1.0" encoding="UTF-8"?>
<!-- Generated by org.testng.reporters.JUnitReportReporter -->
<testsuite hostname="LAPTOP-9MGQ1891" failures="0" tests="1" name="com.Vtiger.TestCases.TC02_CreateOrg_DD" time="44.533" errors="0" timestamp="2022-05-04T15:17:35 IST" skipped="0">
  <testcase classname="com.Vtiger.TestCases.TC02_CreateOrg_DD" name="createorg_dd" time="44.533"/>
  <system-out/>
</testsuite> <!-- com.Vtiger.TestCases.TC02_CreateOrg_DD -->
