<?xml version="1.0" encoding="UTF-8"?>
<!-- Generated by org.testng.reporters.JUnitReportReporter -->
<testsuite hostname="LAPTOP-9MGQ1891" failures="0" tests="1" name="com.Vtiger.TestCases.TC_03CreateContact_org" time="47.074" errors="0" timestamp="2022-05-04T15:19:38 IST" skipped="0">
  <testcase classname="com.Vtiger.TestCases.TC_03CreateContact_org" name="createcontact_org" time="47.074"/>
  <system-out/>
</testsuite> <!-- com.Vtiger.TestCases.TC_03CreateContact_org -->
