<?xml version="1.0" encoding="UTF-8"?>
<!-- Generated by org.testng.reporters.JUnitReportReporter -->
<testsuite hostname="LAPTOP-9MGQ1891" failures="0" tests="3" name="com.TESTNG.pac.Test1Listners" time="0.004" errors="0" timestamp="2022-06-04T12:44:02 IST" skipped="2">
  <testcase classname="com.TESTNG.pac.Test1Listners" name="testWebapp1" time="0.003"/>
  <system-out/>
  <testcase classname="com.TESTNG.pac.Test1Listners" name="testWebapp2" time="0.001">
    <skipped/>
  </testcase> <!-- testWebapp2 -->
  <system-out/>
  <testcase classname="com.TESTNG.pac.Test1Listners" name="testAndroidapp">
    <skipped/>
  </testcase> <!-- testAndroidapp -->
  <system-out/>
</testsuite> <!-- com.TESTNG.pac.Test1Listners -->
