<?xml version="1.0" encoding="UTF-8"?>
<!-- Generated by org.testng.reporters.JUnitReportReporter -->
<testsuite hostname="LAPTOP-9MGQ1891" failures="0" tests="5" name="com.TESTNG.practice.sampleTG" time="0.008" errors="0" timestamp="2022-06-04T12:42:28 IST" skipped="0">
  <testcase classname="com.TESTNG.practice.sampleTG" name="method4" time="0.000"/>
  <system-out/>
  <testcase classname="com.TESTNG.practice.sampleTG" name="method2" time="0.001"/>
  <system-out/>
  <testcase classname="com.TESTNG.practice.sampleTG" name="method5" time="0.000"/>
  <system-out/>
  <testcase classname="com.TESTNG.practice.sampleTG" name="method3" time="0.001"/>
  <system-out/>
  <testcase classname="com.TESTNG.practice.sampleTG" name="method1" time="0.006"/>
  <system-out/>
</testsuite> <!-- com.TESTNG.practice.sampleTG -->
