<?xml version="1.0" encoding="UTF-8"?>
<!-- Generated by org.testng.reporters.JUnitReportReporter -->
<testsuite hostname="LAPTOP-9MGQ1891" failures="0" tests="2" name="com.TESTNG.pac.Test2listners" time="0.004" errors="0" timestamp="2022-06-04T12:46:08 IST" skipped="0">
  <testcase classname="com.TESTNG.pac.Test2listners" name="testdesktopapp" time="0.001"/>
  <system-out/>
  <testcase classname="com.TESTNG.pac.Test2listners" name="testIOSapp" time="0.003"/>
  <system-out/>
</testsuite> <!-- com.TESTNG.pac.Test2listners -->
