<?xml version="1.0" encoding="UTF-8"?>
<!-- Generated by org.testng.reporters.JUnitReportReporter -->
<testsuite hostname="LAPTOP-9MGQ1891" failures="0" tests="1" name="com.Practice.ScreenShot" time="4.165" errors="0" timestamp="2022-05-05T13:11:34 IST" skipped="0">
  <testcase classname="com.Practice.ScreenShot" name="ScreenShot" time="4.165"/>
  <system-out/>
</testsuite> <!-- com.Practice.ScreenShot -->
