<?xml version="1.0" encoding="UTF-8"?>
<!-- Generated by org.testng.reporters.JUnitReportReporter -->
<testsuite hostname="LAPTOP-9MGQ1891" failures="0" tests="1" name="com.Vtiger.TestCases.TC02_CreateOrg_DD" time="19.239" errors="0" timestamp="2022-07-12T13:17:45 IST" skipped="0">
  <testcase classname="com.Vtiger.TestCases.TC02_CreateOrg_DD" name="createorg_dd" time="19.239"/>
  <system-out/>
</testsuite> <!-- com.Vtiger.TestCases.TC02_CreateOrg_DD -->
