<?xml version="1.0" encoding="UTF-8"?>
<!-- Generated by org.testng.reporters.JUnitReportReporter -->
<testsuite hostname="LAPTOP-9MGQ1891" failures="0" tests="4" name="com.TESTNG.practice.groupingTG" time="0.010" errors="0" timestamp="2022-06-04T12:40:53 IST" skipped="0">
  <testcase classname="com.TESTNG.practice.groupingTG" name="smoke3" time="0.000"/>
  <system-out>
    <![CDATA[smoke3]]>
  </system-out>
  <testcase classname="com.TESTNG.practice.groupingTG" name="smoke1" time="0.008"/>
  <system-out>
    <![CDATA[smoke1]]>
  </system-out>
  <testcase classname="com.TESTNG.practice.groupingTG" name="smoke4" time="0.001"/>
  <system-out>
    <![CDATA[smoke4]]>
  </system-out>
  <testcase classname="com.TESTNG.practice.groupingTG" name="smoke2" time="0.001"/>
  <system-out>
    <![CDATA[smoke2]]>
  </system-out>
</testsuite> <!-- com.TESTNG.practice.groupingTG -->
