<?xml version="1.0" encoding="UTF-8"?>
<!-- Generated by org.testng.reporters.JUnitReportReporter -->
<testsuite hostname="LAPTOP-9MGQ1891" failures="0" tests="1" name="com.Vtiger.TestCases.TC01_CreateOrg" time="41.011" errors="0" timestamp="2022-05-04T15:12:08 IST" skipped="0">
  <testcase classname="com.Vtiger.TestCases.TC01_CreateOrg" name="createOrg" time="41.011"/>
  <system-out/>
</testsuite> <!-- com.Vtiger.TestCases.TC01_CreateOrg -->
